Jan 16, 2025 2:52:38 AM traitgen.application.form.other.HR setLogger
INFO: EmployeeDashboard Logger initialized
Jan 16, 2025 2:52:38 AM traitgen.application.form.other.HR setLogger
INFO: EmployeeDashboard Logger initialized
Jan 16, 2025 2:52:39 AM traitgen.application.form.other.HR setLogger
INFO: EmployeeDashboard Logger initialized
Jan 16, 2025 2:52:40 AM traitgen.application.form.other.HR setLogger
INFO: EmployeeDashboard Logger initialized
Jan 16, 2025 2:52:40 AM traitgen.application.form.other.HR setLogger
INFO: EmployeeDashboard Logger initialized
Jan 16, 2025 2:52:42 AM traitgen.application.form.other.HR setLogger
INFO: EmployeeDashboard Logger initialized
Jan 16, 2025 2:52:43 AM traitgen.application.form.other.HR setLogger
INFO: EmployeeDashboard Logger initialized
Jan 16, 2025 2:52:51 AM traitgen.application.form.other.HR setLogger
INFO: EmployeeDashboard Logger initialized
Jan 16, 2025 2:52:51 AM traitgen.application.form.other.HR setLogger
INFO: EmployeeDashboard Logger initialized
Jan 17, 2025 12:47:09 AM traitgen.application.form.other.HR setLogger
INFO: EmployeeDashboard Logger initialized
Jan 17, 2025 12:47:10 AM traitgen.application.form.other.HR setLogger
INFO: EmployeeDashboard Logger initialized
Jan 17, 2025 12:47:10 AM traitgen.application.form.other.HR setLogger
INFO: EmployeeDashboard Logger initialized
Jan 17, 2025 12:47:11 AM traitgen.application.form.other.HR setLogger
INFO: EmployeeDashboard Logger initialized
Jan 17, 2025 12:47:12 AM traitgen.application.form.other.HR setLogger
INFO: EmployeeDashboard Logger initialized
Jan 17, 2025 12:47:12 AM traitgen.application.form.other.HR setLogger
INFO: EmployeeDashboard Logger initialized
Jan 17, 2025 12:47:12 AM traitgen.application.form.other.HR setLogger
INFO: EmployeeDashboard Logger initialized
Jan 17, 2025 12:47:12 AM traitgen.application.form.other.HR setLogger
INFO: EmployeeDashboard Logger initialized
Jan 17, 2025 12:47:14 AM traitgen.application.form.other.HR setLogger
INFO: EmployeeDashboard Logger initialized
Jan 17, 2025 12:47:14 AM traitgen.application.form.other.HR setLogger
INFO: EmployeeDashboard Logger initialized
Jan 17, 2025 12:47:14 AM traitgen.application.form.other.HR setLogger
INFO: EmployeeDashboard Logger initialized
Jan 17, 2025 12:47:17 AM traitgen.application.form.other.HR setLogger
INFO: EmployeeDashboard Logger initialized
Jan 17, 2025 12:47:18 AM traitgen.application.form.other.HR setLogger
INFO: EmployeeDashboard Logger initialized
Jan 17, 2025 12:47:18 AM traitgen.application.form.other.HR setLogger
INFO: EmployeeDashboard Logger initialized
Jan 17, 2025 12:47:18 AM traitgen.application.form.other.HR setLogger
INFO: EmployeeDashboard Logger initialized
Jan 17, 2025 12:48:26 AM traitgen.application.form.other.HR setLogger
INFO: EmployeeDashboard Logger initialized
Jan 17, 2025 12:48:26 AM traitgen.application.form.other.HR setLogger
INFO: EmployeeDashboard Logger initialized
Jan 17, 2025 12:48:27 AM traitgen.application.form.other.HR setLogger
INFO: EmployeeDashboard Logger initialized
Jan 17, 2025 12:48:27 AM traitgen.application.form.other.HR setLogger
INFO: EmployeeDashboard Logger initialized
Jan 17, 2025 12:48:30 AM traitgen.application.form.other.HR setLogger
INFO: EmployeeDashboard Logger initialized
Jan 17, 2025 12:48:30 AM traitgen.application.form.other.HR setLogger
INFO: EmployeeDashboard Logger initialized
Jan 17, 2025 1:06:17 AM traitgen.application.form.other.HR setLogger
INFO: EmployeeDashboard Logger initialized
Jan 17, 2025 1:06:18 AM traitgen.application.form.other.HR setLogger
INFO: EmployeeDashboard Logger initialized
Jan 17, 2025 1:06:18 AM traitgen.application.form.other.HR setLogger
INFO: EmployeeDashboard Logger initialized
Jan 17, 2025 3:44:23 PM traitgen.application.form.other.HR setLogger
INFO: EmployeeDashboard Logger initialized
Jan 17, 2025 3:44:24 PM traitgen.application.form.other.HR setLogger
INFO: EmployeeDashboard Logger initialized
Jan 17, 2025 3:44:24 PM traitgen.application.form.other.HR setLogger
INFO: EmployeeDashboard Logger initialized
Jan 17, 2025 3:44:26 PM traitgen.application.form.other.HR setLogger
INFO: EmployeeDashboard Logger initialized
Jan 17, 2025 3:44:26 PM traitgen.application.form.other.HR setLogger
INFO: EmployeeDashboard Logger initialized
Jan 17, 2025 3:44:28 PM traitgen.application.form.other.HR setLogger
INFO: EmployeeDashboard Logger initialized
Jan 17, 2025 3:44:28 PM traitgen.application.form.other.HR setLogger
INFO: EmployeeDashboard Logger initialized
Jan 17, 2025 3:44:28 PM traitgen.application.form.other.HR setLogger
INFO: EmployeeDashboard Logger initialized
Jan 17, 2025 3:44:33 PM traitgen.application.form.other.HR setLogger
INFO: EmployeeDashboard Logger initialized
Jan 17, 2025 3:44:33 PM traitgen.application.form.other.HR setLogger
INFO: EmployeeDashboard Logger initialized
Jan 17, 2025 3:47:44 PM traitgen.application.form.other.HR setLogger
INFO: EmployeeDashboard Logger initialized
Jan 17, 2025 3:47:45 PM traitgen.application.form.other.HR setLogger
INFO: EmployeeDashboard Logger initialized
Jan 22, 2025 2:00:50 AM traitgen.application.form.other.HR setLogger
INFO: EmployeeDashboard Logger initialized
Jan 22, 2025 2:00:50 AM traitgen.application.form.other.HR setLogger
INFO: EmployeeDashboard Logger initialized
Jan 22, 2025 3:34:06 PM traitgen.application.form.other.HR setLogger
INFO: EmployeeDashboard Logger initialized
Jan 22, 2025 3:34:06 PM traitgen.application.form.other.HR loadTable
WARNING: Table load error
Jan 22, 2025 3:34:31 PM traitgen.application.form.other.HR setLogger
INFO: EmployeeDashboard Logger initialized
Jan 22, 2025 3:34:31 PM traitgen.application.form.other.HR loadTable
WARNING: Table load error
Jan 26, 2025 9:21:45 AM traitgen.application.form.other.HR setLogger
INFO: EmployeeDashboard Logger initialized
Jan 26, 2025 9:21:45 AM traitgen.application.form.other.HR loadTable
WARNING: Table load error
Jan 26, 2025 9:23:23 AM traitgen.application.form.other.HR setLogger
INFO: EmployeeDashboard Logger initialized
Jan 26, 2025 9:42:39 AM traitgen.application.form.other.HR setLogger
INFO: EmployeeDashboard Logger initialized
Jan 26, 2025 9:50:15 AM traitgen.application.form.other.HR setLogger
INFO: EmployeeDashboard Logger initialized
Jan 26, 2025 9:50:34 AM traitgen.application.form.other.HR setLogger
INFO: EmployeeDashboard Logger initialized
Jan 26, 2025 10:02:29 AM traitgen.application.form.other.HR setLogger
INFO: EmployeeDashboard Logger initialized
Jan 26, 2025 11:40:23 AM traitgen.application.form.other.HR setLogger
INFO: EmployeeDashboard Logger initialized
Jan 26, 2025 12:27:31 PM traitgen.application.form.other.HR setLogger
INFO: EmployeeDashboard Logger initialized
Jan 26, 2025 12:30:08 PM traitgen.application.form.other.HR setLogger
INFO: EmployeeDashboard Logger initialized
Jan 26, 2025 12:30:13 PM traitgen.application.form.other.HR setLogger
INFO: EmployeeDashboard Logger initialized
Jan 26, 2025 12:30:25 PM traitgen.application.form.other.HR setLogger
INFO: EmployeeDashboard Logger initialized
Jan 26, 2025 1:02:41 PM traitgen.application.form.other.HR setLogger
INFO: EmployeeDashboard Logger initialized
Jan 26, 2025 1:02:43 PM traitgen.application.form.other.HR setLogger
INFO: EmployeeDashboard Logger initialized
Jan 26, 2025 1:02:45 PM traitgen.application.form.other.HR setLogger
INFO: EmployeeDashboard Logger initialized
Jan 26, 2025 1:02:46 PM traitgen.application.form.other.HR setLogger
INFO: EmployeeDashboard Logger initialized
Jan 26, 2025 1:02:53 PM traitgen.application.form.other.HR setLogger
INFO: EmployeeDashboard Logger initialized
Jan 26, 2025 1:03:08 PM traitgen.application.form.other.HR setLogger
INFO: EmployeeDashboard Logger initialized
Jan 26, 2025 1:03:28 PM traitgen.application.form.other.HR setLogger
INFO: EmployeeDashboard Logger initialized
Jan 26, 2025 1:03:53 PM traitgen.application.form.other.HR setLogger
INFO: EmployeeDashboard Logger initialized
Jan 26, 2025 1:03:56 PM traitgen.application.form.other.HR setLogger
INFO: EmployeeDashboard Logger initialized
Jan 26, 2025 1:04:31 PM traitgen.application.form.other.HR setLogger
INFO: EmployeeDashboard Logger initialized
Jan 26, 2025 1:04:35 PM traitgen.application.form.other.HR setLogger
INFO: EmployeeDashboard Logger initialized
Jan 26, 2025 1:06:06 PM traitgen.application.form.other.HR setLogger
INFO: EmployeeDashboard Logger initialized
Jan 26, 2025 1:07:00 PM traitgen.application.form.other.HR setLogger
INFO: EmployeeDashboard Logger initialized
Jan 26, 2025 1:07:59 PM traitgen.application.form.other.HR setLogger
INFO: EmployeeDashboard Logger initialized
Jan 26, 2025 1:08:05 PM traitgen.application.form.other.HR setLogger
INFO: EmployeeDashboard Logger initialized
Jan 26, 2025 1:19:37 PM traitgen.application.form.other.HR setLogger
INFO: EmployeeDashboard Logger initialized
Jan 26, 2025 1:19:50 PM traitgen.application.form.other.HR setLogger
INFO: EmployeeDashboard Logger initialized
Jan 26, 2025 1:22:51 PM traitgen.application.form.other.HR setLogger
INFO: EmployeeDashboard Logger initialized
Jan 26, 2025 1:22:53 PM traitgen.application.form.other.HR setLogger
INFO: EmployeeDashboard Logger initialized
Jan 26, 2025 1:22:56 PM traitgen.application.form.other.HR setLogger
INFO: EmployeeDashboard Logger initialized
Jan 26, 2025 1:23:33 PM traitgen.application.form.other.HR setLogger
INFO: EmployeeDashboard Logger initialized
Jan 26, 2025 1:24:35 PM traitgen.application.form.other.HR setLogger
INFO: EmployeeDashboard Logger initialized
Jan 26, 2025 1:26:18 PM traitgen.application.form.other.HR setLogger
INFO: EmployeeDashboard Logger initialized
