Jan 28, 2025 7:25:01 PM traitgen.application.form.amantha.SalaryCalculation setLogger
INFO: Salary Calculation Logger initialized
Jan 28, 2025 7:25:03 PM traitgen.application.form.amantha.SalaryCalculation setLogger
INFO: Salary Calculation Logger initialized
Jan 28, 2025 7:25:03 PM traitgen.application.form.amantha.SalaryCalculation setLogger
INFO: Salary Calculation Logger initialized
Jan 28, 2025 7:25:03 PM traitgen.application.form.amantha.SalaryCalculation setLogger
INFO: Salary Calculation Logger initialized
Jan 28, 2025 7:25:39 PM traitgen.application.form.amantha.SalaryCalculation setLogger
INFO: Salary Calculation Logger initialized
Jan 28, 2025 7:25:40 PM traitgen.application.form.amantha.SalaryCalculation setLogger
INFO: Salary Calculation Logger initialized
Jan 28, 2025 7:25:40 PM traitgen.application.form.amantha.SalaryCalculation setLogger
INFO: Salary Calculation Logger initialized
Jan 28, 2025 7:26:35 PM traitgen.application.form.amantha.SalaryCalculation setLogger
INFO: Salary Calculation Logger initialized
Jan 28, 2025 7:27:02 PM traitgen.application.form.amantha.SalaryCalculation setLogger
INFO: Salary Calculation Logger initialized
Jan 28, 2025 7:30:14 PM traitgen.application.form.amantha.SalaryCalculation setLogger
INFO: Salary Calculation Logger initialized
Jan 28, 2025 7:32:19 PM traitgen.application.form.amantha.SalaryCalculation setLogger
INFO: Salary Calculation Logger initialized
Jan 28, 2025 7:32:22 PM traitgen.application.form.amantha.SalaryCalculation setLogger
INFO: Salary Calculation Logger initialized
Jan 28, 2025 7:32:23 PM traitgen.application.form.amantha.SalaryCalculation setLogger
INFO: Salary Calculation Logger initialized
Jan 28, 2025 8:01:20 PM traitgen.application.form.amantha.SalaryCalculation setLogger
INFO: Salary Calculation Logger initialized
Jan 28, 2025 8:04:10 PM traitgen.application.form.amantha.SalaryCalculation setLogger
INFO: Salary Calculation Logger initialized
Jan 28, 2025 8:04:38 PM traitgen.application.form.amantha.SalaryCalculation setLogger
INFO: Salary Calculation Logger initialized
Jan 28, 2025 8:04:53 PM traitgen.application.form.amantha.SalaryCalculation setLogger
INFO: Salary Calculation Logger initialized
Jan 28, 2025 8:05:02 PM traitgen.application.form.amantha.EmployeeSelection setLogger
INFO: Employee Selection Logger initialized
Jan 28, 2025 8:05:29 PM traitgen.application.form.amantha.SalaryCalculation setLogger
INFO: Salary Calculation Logger initialized
Jan 28, 2025 8:05:30 PM traitgen.application.form.amantha.EmployeeSelection setLogger
INFO: Employee Selection Logger initialized
Jan 28, 2025 8:06:51 PM traitgen.application.form.amantha.SalaryCalculation setLogger
INFO: Salary Calculation Logger initialized
Jan 28, 2025 8:06:53 PM traitgen.application.form.amantha.EmployeeSelection setLogger
INFO: Employee Selection Logger initialized
Jan 28, 2025 8:21:35 PM traitgen.application.form.amantha.SalaryCalculation setLogger
INFO: Salary Calculation Logger initialized
Jan 28, 2025 8:21:38 PM traitgen.application.form.amantha.EmployeeSelection setLogger
INFO: Employee Selection Logger initialized
Jan 28, 2025 8:22:38 PM traitgen.application.form.amantha.SalaryCalculation setLogger
INFO: Salary Calculation Logger initialized
Jan 28, 2025 8:25:20 PM traitgen.application.form.amantha.SalaryCalculation setLogger
INFO: Salary Calculation Logger initialized
Jan 28, 2025 8:26:55 PM traitgen.application.form.amantha.SalaryCalculation setLogger
INFO: Salary Calculation Logger initialized
Jan 28, 2025 8:26:59 PM traitgen.application.form.amantha.EmployeeSelection setLogger
INFO: Employee Selection Logger initialized
Jan 28, 2025 9:11:14 PM traitgen.application.form.amantha.SalaryCalculation setLogger
INFO: Salary Calculation Logger initialized
Jan 28, 2025 9:11:33 PM traitgen.application.form.amantha.SalaryCalculation setLogger
INFO: Salary Calculation Logger initialized
Jan 28, 2025 9:13:58 PM traitgen.application.form.amantha.SalaryCalculation setLogger
INFO: Salary Calculation Logger initialized
Jan 28, 2025 9:54:43 PM traitgen.application.form.amantha.SalaryCalculation setLogger
INFO: Salary Calculation Logger initialized
Jan 28, 2025 9:54:46 PM traitgen.application.form.amantha.SalaryCalculation setLogger
INFO: Salary Calculation Logger initialized
Jan 28, 2025 9:54:48 PM traitgen.application.form.amantha.SalaryCalculation setLogger
INFO: Salary Calculation Logger initialized
Jan 28, 2025 10:30:31 PM traitgen.application.form.amantha.SalaryCalculation setLogger
INFO: Salary Calculation Logger initialized
Jan 28, 2025 10:38:04 PM traitgen.application.form.amantha.SalaryCalculation setLogger
INFO: Salary Calculation Logger initialized
Jan 29, 2025 5:23:48 PM traitgen.application.form.amantha.SalaryCalculation setLogger
INFO: Salary Calculation Logger initialized
Jan 29, 2025 5:24:05 PM traitgen.application.form.amantha.SalaryCalculation setLogger
INFO: Salary Calculation Logger initialized
Jan 29, 2025 7:32:06 PM traitgen.application.form.amantha.SalaryCalculation setLogger
INFO: Salary Calculation Logger initialized
Jan 29, 2025 7:58:07 PM traitgen.application.form.amantha.SalaryCalculation setLogger
INFO: Salary Calculation Logger initialized
Jan 29, 2025 7:58:17 PM traitgen.application.form.amantha.SalaryCalculation setLogger
INFO: Salary Calculation Logger initialized
Jan 29, 2025 9:00:19 PM traitgen.application.form.amantha.SalaryCalculation setLogger
INFO: Salary Calculation Logger initialized
Jan 29, 2025 9:00:22 PM traitgen.application.form.amantha.EmployeeSelection setLogger
INFO: Employee Selection Logger initialized
Jan 30, 2025 7:37:37 PM traitgen.application.form.amantha.SalaryCalculation setLogger
INFO: Salary Calculation Logger initialized
Jan 30, 2025 7:38:57 PM traitgen.application.form.amantha.SalaryCalculation setLogger
INFO: Salary Calculation Logger initialized
Jan 30, 2025 7:39:06 PM traitgen.application.form.amantha.EmployeeSelection setLogger
INFO: Employee Selection Logger initialized
Jan 30, 2025 7:39:14 PM traitgen.application.form.amantha.EmployeeSelection setLogger
INFO: Employee Selection Logger initialized
Jan 30, 2025 7:39:16 PM traitgen.application.form.amantha.EmployeeSelection setLogger
INFO: Employee Selection Logger initialized
Jan 31, 2025 6:50:36 PM traitgen.application.form.amantha.SalaryCalculation setLogger
INFO: Salary Calculation Logger initialized
Jan 31, 2025 9:37:58 PM traitgen.application.form.amantha.SalaryCalculation setLogger
INFO: Salary Calculation Logger initialized
Jan 31, 2025 10:10:02 PM traitgen.application.form.amantha.SalaryCalculation setLogger
INFO: Salary Calculation Logger initialized
Feb 01, 2025 7:59:11 PM traitgen.application.form.amantha.SalaryCalculation setLogger
INFO: Salary Calculation Logger initialized
Feb 01, 2025 7:59:24 PM traitgen.application.form.amantha.SalaryCalculation setLogger
INFO: Salary Calculation Logger initialized
Feb 01, 2025 8:08:14 PM traitgen.application.form.amantha.SalaryCalculation setLogger
INFO: Salary Calculation Logger initialized
Feb 01, 2025 9:05:27 PM traitgen.application.form.amantha.SalaryCalculation setLogger
INFO: Salary Calculation Logger initialized
Feb 01, 2025 9:05:33 PM traitgen.application.form.amantha.SalaryCalculation setLogger
INFO: Salary Calculation Logger initialized
Feb 01, 2025 9:05:40 PM traitgen.application.form.amantha.SalaryCalculation setLogger
INFO: Salary Calculation Logger initialized
Feb 01, 2025 9:05:42 PM traitgen.application.form.amantha.SalaryCalculation setLogger
INFO: Salary Calculation Logger initialized
Feb 01, 2025 9:05:45 PM traitgen.application.form.amantha.SalaryCalculation setLogger
INFO: Salary Calculation Logger initialized
Feb 01, 2025 9:05:48 PM traitgen.application.form.amantha.EmployeeSelection setLogger
INFO: Employee Selection Logger initialized
Feb 02, 2025 9:52:11 AM traitgen.application.form.amantha.SalaryCalculation setLogger
INFO: Salary Calculation Logger initialized
Feb 02, 2025 9:52:20 AM traitgen.application.form.amantha.SalaryCalculation setLogger
INFO: Salary Calculation Logger initialized
Feb 02, 2025 9:52:26 AM traitgen.application.form.amantha.SalaryCalculation setLogger
INFO: Salary Calculation Logger initialized
Feb 02, 2025 9:53:11 AM traitgen.application.form.amantha.SalaryCalculation setLogger
INFO: Salary Calculation Logger initialized
Feb 02, 2025 9:53:32 AM traitgen.application.form.amantha.SalaryCalculation setLogger
INFO: Salary Calculation Logger initialized
Feb 02, 2025 9:56:29 AM traitgen.application.form.amantha.SalaryCalculation setLogger
INFO: Salary Calculation Logger initialized
Feb 02, 2025 9:56:39 AM traitgen.application.form.amantha.SalaryCalculation setLogger
INFO: Salary Calculation Logger initialized
Feb 02, 2025 10:04:08 AM traitgen.application.form.amantha.SalaryCalculation setLogger
INFO: Salary Calculation Logger initialized
Feb 02, 2025 10:09:06 AM traitgen.application.form.amantha.SalaryCalculation setLogger
INFO: Salary Calculation Logger initialized
Feb 03, 2025 10:15:48 AM traitgen.application.form.amantha.SalaryCalculation setLogger
INFO: Salary Calculation Logger initialized
Feb 03, 2025 10:20:49 AM traitgen.application.form.amantha.SalaryCalculation setLogger
INFO: Salary Calculation Logger initialized
Feb 03, 2025 10:20:55 AM traitgen.application.form.amantha.SalaryCalculation setLogger
INFO: Salary Calculation Logger initialized
Feb 03, 2025 10:21:00 AM traitgen.application.form.amantha.SalaryCalculation setLogger
INFO: Salary Calculation Logger initialized
Feb 03, 2025 6:55:56 PM traitgen.application.form.amantha.SalaryCalculation setLogger
INFO: Salary Calculation Logger initialized
Feb 03, 2025 6:56:02 PM traitgen.application.form.amantha.EmployeeSelection setLogger
INFO: Employee Selection Logger initialized
Feb 03, 2025 6:59:45 PM traitgen.application.form.amantha.SalaryCalculation setLogger
INFO: Salary Calculation Logger initialized
Feb 05, 2025 7:02:14 PM traitgen.application.form.amantha.SalaryCalculation setLogger
INFO: Salary Calculation Logger initialized
